<?xml version="1.0" encoding="UTF-8"?>
<!-- Generated by org.testng.reporters.JUnitReportReporter -->
<testsuite hostname="WINDOWS-7K5DJPU" name="myPractise.ReportPractise" tests="1" failures="0" timestamp="8 Jan 2018 03:42:22 GMT" time="1.545" errors="0">
  <testcase name="report" time="1.545" classname="myPractise.ReportPractise"/>
</testsuite> <!-- myPractise.ReportPractise -->
