<?xml version="1.0" encoding="UTF-8"?>
<!-- Generated by org.testng.reporters.JUnitReportReporter -->
<testsuite skipped="0" hostname="200411LTP0267" name="week3.day1.CreateLead_WdM" tests="1" failures="0" timestamp="02 May 2018 01:50:18 GMT" time="39.742" errors="0">
  <testcase name="CreateLead" time="39.742" classname="week3.day1.CreateLead_WdM"/>
</testsuite> <!-- week3.day1.CreateLead_WdM -->
