<?xml version="1.0" encoding="UTF-8"?>
<!-- Generated by org.testng.reporters.JUnitReportReporter -->
<testsuite skipped="0" hostname="200411LTP0267" name="week3.day1.DeleteLead_WdM" tests="1" failures="0" timestamp="02 May 2018 01:50:18 GMT" time="53.069" errors="0">
  <testcase name="deleteLead" time="53.069" classname="week3.day1.DeleteLead_WdM"/>
</testsuite> <!-- week3.day1.DeleteLead_WdM -->
