<?xml version="1.0" encoding="UTF-8"?>
<!-- Generated by org.testng.reporters.JUnitReportReporter -->
<testsuite hostname="WINDOWS-7K5DJPU" name="week4.CreateLead" tests="2" failures="0" timestamp="8 Jan 2018 06:17:15 GMT" time="201.715" errors="0">
  <testcase name="CreateLead_dp" time="135.258" classname="week4.CreateLead"/>
  <testcase name="CreateLead_dp" time="66.457" classname="week4.CreateLead"/>
</testsuite> <!-- week4.CreateLead -->
