<?xml version="1.0" encoding="UTF-8"?>
<!-- Generated by org.testng.reporters.JUnitReportReporter -->
<testsuite hostname="WINDOWS-7K5DJPU" name="readFromFile.ReadExcel" tests="1" failures="0" timestamp="3 Jan 2018 05:28:13 GMT" time="2.882" errors="0">
  <testcase name="ReadFromExcel" time="2.882" classname="readFromFile.ReadExcel"/>
</testsuite> <!-- readFromFile.ReadExcel -->
