<?xml version="1.0" encoding="UTF-8"?>
<!-- Generated by org.testng.reporters.JUnitReportReporter -->
<testsuite hostname="WINDOWS-7K5DJPU" name="myPractise.ReadFile" tests="1" failures="0" timestamp="7 Jan 2018 14:58:07 GMT" time="2.790" errors="0">
  <testcase name="read" time="2.790" classname="myPractise.ReadFile"/>
</testsuite> <!-- myPractise.ReadFile -->
