<?xml version="1.0" encoding="UTF-8"?>
<!-- Generated by org.testng.reporters.JUnitReportReporter -->
<testsuite skipped="1" hostname="200411LTP0267" name="week3.day1.MergeLead_WdM" tests="1" failures="0" timestamp="02 May 2018 01:25:41 GMT" time="0.000" errors="0">
  <testcase name="MergeLead" time="0.000" classname="week3.day1.MergeLead_WdM">
    <skipped/>
  </testcase> <!-- MergeLead -->
</testsuite> <!-- week3.day1.MergeLead_WdM -->
