<?xml version="1.0" encoding="UTF-8"?>
<!-- Generated by org.testng.reporters.JUnitReportReporter -->
<testsuite hostname="WINDOWS-7K5DJPU" name="week4.DeleteLead" tests="2" failures="0" timestamp="3 Jan 2018 01:36:36 GMT" time="188.612" errors="0">
  <testcase name="deleteLead_dp" time="97.961" classname="week4.DeleteLead"/>
  <testcase name="deleteLead_dp" time="90.651" classname="week4.DeleteLead"/>
</testsuite> <!-- week4.DeleteLead -->
