<?xml version="1.0" encoding="UTF-8"?>
<!-- Generated by org.testng.reporters.JUnitReportReporter -->
<testsuite hostname="WINDOWS-7K5DJPU" name="collections.RemoveDuplicatesFromIntArray" tests="2" failures="0" timestamp="26 Jan 2018 17:40:01 GMT" time="0.099" errors="0">
  <testcase name="printDuplicate" time="0.096" classname="collections.RemoveDuplicatesFromIntArray"/>
  <testcase name="removeDuplicate" time="0.003" classname="collections.RemoveDuplicatesFromIntArray"/>
</testsuite> <!-- collections.RemoveDuplicatesFromIntArray -->
