<?xml version="1.0" encoding="UTF-8"?>
<!-- Generated by org.testng.reporters.JUnitReportReporter -->
<testsuite skipped="0" hostname="200411LTP0267" name="collections.OneTimeOccurenceValues" tests="1" failures="0" timestamp="02 May 2018 02:31:45 GMT" time="0.016" errors="0">
  <testcase name="OneTimeOccurence" time="0.016" classname="collections.OneTimeOccurenceValues"/>
</testsuite> <!-- collections.OneTimeOccurenceValues -->
