<?xml version="1.0" encoding="UTF-8"?>
<!-- Generated by org.testng.reporters.JUnitReportReporter -->
<testsuite hostname="WINDOWS-7K5DJPU" name="wdMethods.OpenTaps_Login" tests="1" failures="0" timestamp="29 Dec 2017 05:29:31 GMT" time="58.655" errors="0">
  <testcase name="login" time="58.655" classname="wdMethods.OpenTaps_Login"/>
</testsuite> <!-- wdMethods.OpenTaps_Login -->
