<?xml version="1.0" encoding="UTF-8"?>
<!-- Generated by org.testng.reporters.JUnitReportReporter -->
<testsuite hostname="WINDOWS-7K5DJPU" name="week3.day1.Login_WdM" tests="4" failures="0" timestamp="28 Dec 2017 15:38:46 GMT" time="301.633" errors="0">
  <testcase name="login" time="73.552" classname="week3.day1.Login_WdM"/>
  <testcase name="login" time="75.986" classname="week3.day1.Login_WdM"/>
  <testcase name="login" time="75.016" classname="week3.day1.Login_WdM"/>
  <testcase name="login" time="77.079" classname="week3.day1.Login_WdM"/>
</testsuite> <!-- week3.day1.Login_WdM -->
