<?xml version="1.0" encoding="UTF-8"?>
<!-- Generated by org.testng.reporters.JUnitReportReporter -->
<testsuite hostname="WINDOWS-7K5DJPU" name="week3.day1.MergeLead2" tests="1" failures="0" timestamp="28 Dec 2017 14:33:31 GMT" time="141.219" errors="0">
  <testcase name="MergeLead" time="141.219" classname="week3.day1.MergeLead2"/>
</testsuite> <!-- week3.day1.MergeLead2 -->
