<?xml version="1.0" encoding="UTF-8"?>
<!-- Generated by org.testng.reporters.JUnitReportReporter -->
<testsuite hostname="WINDOWS-7K5DJPU" name="learnReporter.LearnExtent" tests="1" failures="0" timestamp="26 Jan 2018 14:58:25 GMT" time="2.127" errors="0">
  <testcase name="learnExtent" time="2.127" classname="learnReporter.LearnExtent"/>
</testsuite> <!-- learnReporter.LearnExtent -->
