<?xml version="1.0" encoding="UTF-8"?>
<!-- Generated by org.testng.reporters.JUnitReportReporter -->
<testsuite skipped="4" hostname="200411LTP0267" name="readFromFile.EditLead" tests="4" failures="0" timestamp="02 May 2018 01:03:23 GMT" time="0.000" errors="0">
  <testcase name="EditLead_dp" time="0.000" classname="readFromFile.EditLead">
    <skipped/>
  </testcase> <!-- EditLead_dp -->
  <testcase name="EditLead_dp" time="0.000" classname="readFromFile.EditLead">
    <skipped/>
  </testcase> <!-- EditLead_dp -->
  <testcase name="EditLead_dp" time="0.000" classname="readFromFile.EditLead">
    <skipped/>
  </testcase> <!-- EditLead_dp -->
  <testcase name="EditLead_dp" time="0.000" classname="readFromFile.EditLead">
    <skipped/>
  </testcase> <!-- EditLead_dp -->
</testsuite> <!-- readFromFile.EditLead -->
