<?xml version="1.0" encoding="UTF-8"?>
<!-- Generated by org.testng.reporters.JUnitReportReporter -->
<testsuite skipped="5" hostname="200411LTP0267" name="readFromFile.DeleteLead" tests="5" failures="0" timestamp="02 May 2018 01:03:23 GMT" time="0.000" errors="0">
  <testcase name="deleteLead_dp" time="0.000" classname="readFromFile.DeleteLead">
    <skipped/>
  </testcase> <!-- deleteLead_dp -->
  <testcase name="deleteLead_dp" time="0.000" classname="readFromFile.DeleteLead">
    <skipped/>
  </testcase> <!-- deleteLead_dp -->
  <testcase name="deleteLead_dp" time="0.000" classname="readFromFile.DeleteLead">
    <skipped/>
  </testcase> <!-- deleteLead_dp -->
  <testcase name="deleteLead_dp" time="0.000" classname="readFromFile.DeleteLead">
    <skipped/>
  </testcase> <!-- deleteLead_dp -->
  <testcase name="deleteLead_dp" time="0.000" classname="readFromFile.DeleteLead">
    <skipped/>
  </testcase> <!-- deleteLead_dp -->
</testsuite> <!-- readFromFile.DeleteLead -->
